<?xml version="1.0" encoding="UTF-8"?>
<!-- Generated by org.testng.reporters.JUnitXMLReporter -->
<testsuite ignored="5" hostname="LAPTOP-H91286KS" failures="0" tests="1" name="Test" time="0.034" errors="0" timestamp="20 Jul 2024 16:40:10 GMT">
  <testcase classname="testng.OneTestCaseExample" name="TestCase01" time="0.006"/>
  <testcase classname="testng.MultipleTCExample" name="TC_02" time="0.0">
    <ignored/>
  </testcase> <!-- TC_02 -->
  <testcase classname="testng.BaseClass" name="@BeforeTest method3" time="0.0">
    <ignored/>
  </testcase> <!-- @BeforeTest method3 -->
  <testcase classname="testng.MultipleTCExample" name="TC_04" time="0.0">
    <ignored/>
  </testcase> <!-- TC_04 -->
  <testcase classname="testng.MultipleTCExample" name="TC_03" time="0.0">
    <ignored/>
  </testcase> <!-- TC_03 -->
  <testcase classname="testng.BaseClass" name="@AfterTest method4" time="0.0">
    <ignored/>
  </testcase> <!-- @AfterTest method4 -->
</testsuite> <!-- Test -->
