<?xml version="1.0" encoding="UTF-8"?>
<testng-results ignored="5" total="6" passed="1" failed="0" skipped="0">
  <reporter-output>
  </reporter-output>
  <suite started-at="2024-07-20T16:40:09Z" name="Suite" finished-at="2024-07-20T16:40:10Z" duration-ms="34">
    <groups>
      <group name="regression">
        <method signature="OneTestCaseExample.TestCase01()[pri:0, instance:testng.OneTestCaseExample@306f16f3]" name="TestCase01" class="testng.OneTestCaseExample"/>
      </group> <!-- regression -->
      <group name="sanity">
        <method signature="OneTestCaseExample.TestCase01()[pri:0, instance:testng.OneTestCaseExample@306f16f3]" name="TestCase01" class="testng.OneTestCaseExample"/>
      </group> <!-- sanity -->
    </groups>
    <test started-at="2024-07-20T16:40:09Z" name="Test" finished-at="2024-07-20T16:40:10Z" duration-ms="34">
      <class name="testng.OneTestCaseExample">
        <test-method is-config="true" signature="method1()[pri:0, instance:testng.OneTestCaseExample@306f16f3]" started-at="2024-07-20T16:40:10Z" name="method1" finished-at="2024-07-20T16:40:10Z" duration-ms="0" status="PASS">
          <reporter-output>
          </reporter-output>
        </test-method> <!-- method1 -->
        <test-method signature="TestCase01()[pri:0, instance:testng.OneTestCaseExample@306f16f3]" started-at="2024-07-20T16:40:10Z" name="TestCase01" finished-at="2024-07-20T16:40:10Z" duration-ms="6" status="PASS">
          <reporter-output>
          </reporter-output>
        </test-method> <!-- TestCase01 -->
        <test-method is-config="true" signature="method2()[pri:0, instance:testng.OneTestCaseExample@306f16f3]" started-at="2024-07-20T16:40:10Z" name="method2" finished-at="2024-07-20T16:40:10Z" duration-ms="0" status="PASS">
          <reporter-output>
          </reporter-output>
        </test-method> <!-- method2 -->
      </class> <!-- testng.OneTestCaseExample -->
      <class name="testng.MultipleTCExample">
        <test-method is-config="true" signature="method3()[pri:0, instance:testng.MultipleTCExample@5ace1ed4]" started-at="2024-07-20T16:40:09Z" name="method3" finished-at="2024-07-20T16:40:10Z" duration-ms="9" status="PASS">
          <reporter-output>
          </reporter-output>
        </test-method> <!-- method3 -->
        <test-method is-config="true" signature="method4()[pri:0, instance:testng.MultipleTCExample@5ace1ed4]" started-at="2024-07-20T16:40:10Z" name="method4" finished-at="2024-07-20T16:40:10Z" duration-ms="0" status="PASS">
          <reporter-output>
          </reporter-output>
        </test-method> <!-- method4 -->
      </class> <!-- testng.MultipleTCExample -->
    </test> <!-- Test -->
  </suite> <!-- Suite -->
</testng-results>
